<?xml version="1.0" encoding="UTF-8" ?>
<testsuite tests="7" failures="0" name="testdemo.TestFiestDemo" time="0.004" errors="0" skipped="0">
  <properties>
    <property name="idea.version" value="2018.1.6"/>
    <property name="java.runtime.name" value="Java(TM) SE Runtime Environment"/>
    <property name="sun.boot.library.path" value="C:\Program Files (x86)\Java\jdk1.8.0_172\jre\bin"/>
    <property name="java.vm.version" value="25.172-b11"/>
    <property name="java.vm.vendor" value="Oracle Corporation"/>
    <property name="maven.multiModuleProjectDirectory" value="F:\java-IDEA\Java-code\javaSE"/>
    <property name="java.vendor.url" value="http://java.oracle.com/"/>
    <property name="path.separator" value=";"/>
    <property name="guice.disable.misplaced.annotation.check" value="true"/>
    <property name="java.vm.name" value="Java HotSpot(TM) Client VM"/>
    <property name="file.encoding.pkg" value="sun.io"/>
    <property name="user.script" value=""/>
    <property name="user.country" value="CN"/>
    <property name="sun.java.launcher" value="SUN_STANDARD"/>
    <property name="sun.os.patch.level" value=""/>
    <property name="java.vm.specification.name" value="Java Virtual Machine Specification"/>
    <property name="user.dir" value="F:\java-IDEA\Java-code\javaSE"/>
    <property name="java.runtime.version" value="1.8.0_172-b11"/>
    <property name="java.awt.graphicsenv" value="sun.awt.Win32GraphicsEnvironment"/>
    <property name="java.endorsed.dirs" value="C:\Program Files (x86)\Java\jdk1.8.0_172\jre\lib\endorsed"/>
    <property name="os.arch" value="x86"/>
    <property name="java.io.tmpdir" value="C:\Users\夕\AppData\Local\Temp\"/>
    <property name="line.separator" value="
"/>
    <property name="java.vm.specification.vendor" value="Oracle Corporation"/>
    <property name="user.variant" value=""/>
    <property name="os.name" value="Windows 10"/>
    <property name="classworlds.conf" value="F:\apache-maven-3.5.4\bin\m2.conf"/>
    <property name="sun.jnu.encoding" value="GBK"/>
    <property name="java.library.path" value="C:\Program Files (x86)\Java\jdk1.8.0_172\bin;C:\WINDOWS\Sun\Java\bin;C:\WINDOWS\system32;C:\WINDOWS;C:\Program Files (x86)\Intel\iCLS Client\;C:\Program Files (x86)\Common Files\NetSarang;C:\Program Files\Intel\iCLS Client\;C:\WINDOWS\system32;C:\WINDOWS;C:\WINDOWS\System32\Wbem;C:\WINDOWS\System32\WindowsPowerShell\v1.0\;C:\Program Files (x86)\Intel\Intel(R) Management Engine Components\DAL;C:\Program Files\Intel\Intel(R) Management Engine Components\DAL;C:\Program Files (x86)\Intel\Intel(R) Management Engine Components\IPT;C:\Program Files (x86)\Java\jdk1.8.0_172\bin;C:\Program Files (x86)\Java\jdk1.8.0_172\jre\bin;C:\Program Files\Intel\Intel(R) Management Engine Components\IPT;F:\apache-maven-3.5.4\bin;C:\WINDOWS\System32\OpenSSH\;C:\Program Files\Intel\WiFi\bin\;C:\Program Files\Common Files\Intel\WirelessCommon\;C:\Go\bin;&quot;F:\apache-tomcat-9.0.12\lib;F:\apache-tomcat-9.0.12\bin&quot;;C:\Program Files\Git\cmd;F:\gradle\gradle-4.4.1\bin;F:\setuptools-40.6.2;C:\Program Files\Microsoft VS Code\bin;F:\MySQL-5.7.25\mysql-5.7.25-winx64\bin;F:\Node.js\;C:\Users\夕\AppData\Local\Programs\Python\Python36-32\Scripts\;C:\Users\夕\AppData\Local\Programs\Python\Python36-32\;C:\Users\夕\AppData\Local\Microsoft\WindowsApps;C:\Users\夕\AppData\Local\Microsoft\WindowsApps;C:\Users\夕\go\bin;C:\Users\夕\AppData\Roaming\npm;."/>
    <property name="maven.conf" value="F:\apache-maven-3.5.4/conf"/>
    <property name="java.specification.name" value="Java Platform API Specification"/>
    <property name="java.class.version" value="52.0"/>
    <property name="sun.management.compiler" value="HotSpot Client Compiler"/>
    <property name="os.version" value="10.0"/>
    <property name="user.home" value="C:\Users\夕"/>
    <property name="user.timezone" value="Asia/Shanghai"/>
    <property name="java.awt.printerjob" value="sun.awt.windows.WPrinterJob"/>
    <property name="java.specification.version" value="1.8"/>
    <property name="file.encoding" value="UTF-8"/>
    <property name="user.name" value="夕"/>
    <property name="java.class.path" value="F:\apache-maven-3.5.4\boot\plexus-classworlds-2.5.2.jar;F:\java-IDEA\IntelliJ IDEA 2018.1.6\lib\idea_rt.jar"/>
    <property name="java.vm.specification.version" value="1.8"/>
    <property name="sun.arch.data.model" value="32"/>
    <property name="java.home" value="C:\Program Files (x86)\Java\jdk1.8.0_172\jre"/>
    <property name="sun.java.command" value="org.codehaus.classworlds.Launcher -Didea.version=2018.1.6 --update-snapshots -s F:\apache-maven-3.5.4\conf\settings.xml package -f pom.xml"/>
    <property name="java.specification.vendor" value="Oracle Corporation"/>
    <property name="user.language" value="zh"/>
    <property name="awt.toolkit" value="sun.awt.windows.WToolkit"/>
    <property name="java.vm.info" value="mixed mode, sharing"/>
    <property name="java.version" value="1.8.0_172"/>
    <property name="java.ext.dirs" value="C:\Program Files (x86)\Java\jdk1.8.0_172\jre\lib\ext;C:\WINDOWS\Sun\Java\lib\ext"/>
    <property name="sun.boot.class.path" value="C:\Program Files (x86)\Java\jdk1.8.0_172\jre\lib\resources.jar;C:\Program Files (x86)\Java\jdk1.8.0_172\jre\lib\rt.jar;C:\Program Files (x86)\Java\jdk1.8.0_172\jre\lib\sunrsasign.jar;C:\Program Files (x86)\Java\jdk1.8.0_172\jre\lib\jsse.jar;C:\Program Files (x86)\Java\jdk1.8.0_172\jre\lib\jce.jar;C:\Program Files (x86)\Java\jdk1.8.0_172\jre\lib\charsets.jar;C:\Program Files (x86)\Java\jdk1.8.0_172\jre\lib\jfr.jar;C:\Program Files (x86)\Java\jdk1.8.0_172\jre\classes"/>
    <property name="java.vendor" value="Oracle Corporation"/>
    <property name="maven.home" value="F:\apache-maven-3.5.4"/>
    <property name="file.separator" value="\"/>
    <property name="java.vendor.url.bug" value="http://bugreport.sun.com/bugreport/"/>
    <property name="sun.cpu.endian" value="little"/>
    <property name="sun.io.unicode.encoding" value="UnicodeLittle"/>
    <property name="sun.desktop" value="windows"/>
    <property name="sun.cpu.isalist" value="pentium_pro+mmx pentium_pro pentium+mmx pentium i486 i386 i86"/>
  </properties>
  <testcase classname="testdemo.TestFiestDemo" name="test001" time="0.004"/>
  <testcase classname="testdemo.TestFiestDemo" name="test002" time="0"/>
  <testcase classname="testdemo.TestFiestDemo" name="test003" time="0"/>
  <testcase classname="testdemo.TestFiestDemo" name="test004" time="0"/>
  <testcase classname="testdemo.TestFiestDemo" name="test005" time="0"/>
  <testcase classname="testdemo.TestFiestDemo" name="test006" time="0"/>
  <testcase classname="testdemo.TestFiestDemo" name="test007" time="0"/>
</testsuite>